<?xml version="1.0" encoding="UTF-8"?>
<!-- Generated by org.testng.reporters.JUnitReportReporter -->
<testsuite hostname="Suhas" failures="0" tests="1" name="e_commerce.Flipkarttest" time="3.227" errors="0" timestamp="2024-10-08T17:24:47 IST" skipped="0">
  <testcase classname="e_commerce.Flipkarttest" name="f" time="3.227"/>
  <system-out>
    <![CDATA[Opening Flipkart]]>
  </system-out>
</testsuite> <!-- e_commerce.Flipkarttest -->
