<?xml version="1.0" encoding="UTF-8"?>
<!-- Generated by org.testng.reporters.JUnitReportReporter -->
<testsuite hostname="Suhas" failures="0" tests="1" name="e_commerce.Amazon" time="2.647" errors="0" timestamp="2024-10-08T17:24:46 IST" skipped="0">
  <testcase classname="e_commerce.Amazon" name="Amzontest" time="2.647"/>
  <system-out>
    <![CDATA[Opening amazon]]>
  </system-out>
</testsuite> <!-- e_commerce.Amazon -->
