<?xml version="1.0" encoding="UTF-8"?>
<!-- Generated by org.testng.reporters.JUnitReportReporter -->
<testsuite hostname="Suhas" failures="0" tests="1" name="e_commerce.Ajiotest" time="9.522" errors="0" timestamp="2024-10-08T17:24:47 IST" skipped="0">
  <testcase classname="e_commerce.Ajiotest" name="f" time="9.522"/>
  <system-out>
    <![CDATA[Opening Ajio]]>
  </system-out>
</testsuite> <!-- e_commerce.Ajiotest -->
